<?xml version="1.0" encoding="UTF-8"?>
<testng-results ignored="0" total="5" passed="3" failed="2" skipped="0">
  <reporter-output>
  </reporter-output>
  <suite started-at="2020-04-22T13:35:24 IST" name="Suite" finished-at="2020-04-22T13:36:47 IST" duration-ms="83024">
    <groups>
    </groups>
    <test started-at="2020-04-22T13:35:24 IST" name="Shopqapom Test" finished-at="2020-04-22T13:36:47 IST" duration-ms="83024">
      <class name="com.msc.shopqapom.testcases.TC001_Login">
        <test-method is-config="true" signature="setUp(java.lang.String)[pri:0, instance:com.msc.shopqapom.testcases.TC001_Login@7efaad5a]" started-at="2020-04-22T13:35:24 IST" name="setUp" finished-at="2020-04-22T13:35:46 IST" duration-ms="21595" status="PASS">
          <params>
            <param index="0">
              <value>
                <![CDATA[chrome]]>
              </value>
            </param>
          </params>
          <reporter-output>
          </reporter-output>
        </test-method> <!-- setUp -->
        <test-method signature="login(java.lang.String, java.lang.String)[pri:0, instance:com.msc.shopqapom.testcases.TC001_Login@7efaad5a]" started-at="2020-04-22T13:35:47 IST" name="login" data-provider="Login" finished-at="2020-04-22T13:35:55 IST" duration-ms="8259" status="PASS">
          <params>
            <param index="0">
              <value>
                <![CDATA[gyho@getnada.com]]>
              </value>
            </param>
            <param index="1">
              <value>
                <![CDATA[gyho@getnada.com]]>
              </value>
            </param>
          </params>
          <reporter-output>
          </reporter-output>
        </test-method> <!-- login -->
        <test-method signature="login(java.lang.String, java.lang.String)[pri:0, instance:com.msc.shopqapom.testcases.TC001_Login@7efaad5a]" started-at="2020-04-22T13:35:55 IST" name="login" data-provider="Login" finished-at="2020-04-22T13:35:59 IST" duration-ms="3801" status="FAIL">
          <params>
            <param index="0">
              <value>
                <![CDATA[sfjl@jsjfj.com]]>
              </value>
            </param>
            <param index="1">
              <value>
                <![CDATA[sjfksjlkf]]>
              </value>
            </param>
          </params>
          <exception class="java.lang.AssertionError">
            <message>
              <![CDATA[expected [true] but found [false]]]>
            </message>
            <full-stacktrace>
              <![CDATA[java.lang.AssertionError: expected [true] but found [false]
at org.testng.Assert.fail(Assert.java:97)
at org.testng.Assert.failNotEquals(Assert.java:969)
at org.testng.Assert.assertTrue(Assert.java:43)
at org.testng.Assert.assertTrue(Assert.java:53)
at com.msc.shopqapom.testcases.TC001_Login.login(TC001_Login.java:38)
at java.base/jdk.internal.reflect.NativeMethodAccessorImpl.invoke0(Native Method)
at java.base/jdk.internal.reflect.NativeMethodAccessorImpl.invoke(NativeMethodAccessorImpl.java:62)
at java.base/jdk.internal.reflect.DelegatingMethodAccessorImpl.invoke(DelegatingMethodAccessorImpl.java:43)
at java.base/java.lang.reflect.Method.invoke(Method.java:566)
at org.testng.internal.MethodInvocationHelper.invokeMethod(MethodInvocationHelper.java:134)
at org.testng.internal.TestInvoker.invokeMethod(TestInvoker.java:597)
at org.testng.internal.TestInvoker.invokeTestMethod(TestInvoker.java:173)
at org.testng.internal.MethodRunner.runInSequence(MethodRunner.java:46)
at org.testng.internal.TestInvoker$MethodInvocationAgent.invoke(TestInvoker.java:816)
at org.testng.internal.TestInvoker.invokeTestMethods(TestInvoker.java:146)
at org.testng.internal.TestMethodWorker.invokeTestMethods(TestMethodWorker.java:146)
at org.testng.internal.TestMethodWorker.run(TestMethodWorker.java:128)
at java.base/java.util.ArrayList.forEach(ArrayList.java:1540)
at org.testng.TestRunner.privateRun(TestRunner.java:766)
at org.testng.TestRunner.run(TestRunner.java:587)
at org.testng.SuiteRunner.runTest(SuiteRunner.java:384)
at org.testng.SuiteRunner.runSequentially(SuiteRunner.java:378)
at org.testng.SuiteRunner.privateRun(SuiteRunner.java:337)
at org.testng.SuiteRunner.run(SuiteRunner.java:286)
at org.testng.SuiteRunnerWorker.runSuite(SuiteRunnerWorker.java:53)
at org.testng.SuiteRunnerWorker.run(SuiteRunnerWorker.java:96)
at org.testng.TestNG.runSuitesSequentially(TestNG.java:1187)
at org.testng.TestNG.runSuitesLocally(TestNG.java:1109)
at org.testng.TestNG.runSuites(TestNG.java:1039)
at org.testng.TestNG.run(TestNG.java:1007)
at org.testng.remote.AbstractRemoteTestNG.run(AbstractRemoteTestNG.java:115)
at org.testng.remote.RemoteTestNG.initAndRun(RemoteTestNG.java:251)
at org.testng.remote.RemoteTestNG.main(RemoteTestNG.java:77)
]]>
            </full-stacktrace>
          </exception> <!-- java.lang.AssertionError -->
          <reporter-output>
          </reporter-output>
        </test-method> <!-- login -->
        <test-method signature="login(java.lang.String, java.lang.String)[pri:0, instance:com.msc.shopqapom.testcases.TC001_Login@7efaad5a]" started-at="2020-04-22T13:35:59 IST" name="login" data-provider="Login" finished-at="2020-04-22T13:36:02 IST" duration-ms="3575" status="FAIL">
          <params>
            <param index="0">
              <value>
                <![CDATA[slkflfsf@flja.com]]>
              </value>
            </param>
            <param index="1">
              <value>
                <![CDATA[slfw]]>
              </value>
            </param>
          </params>
          <exception class="java.lang.AssertionError">
            <message>
              <![CDATA[expected [true] but found [false]]]>
            </message>
            <full-stacktrace>
              <![CDATA[java.lang.AssertionError: expected [true] but found [false]
at org.testng.Assert.fail(Assert.java:97)
at org.testng.Assert.failNotEquals(Assert.java:969)
at org.testng.Assert.assertTrue(Assert.java:43)
at org.testng.Assert.assertTrue(Assert.java:53)
at com.msc.shopqapom.testcases.TC001_Login.login(TC001_Login.java:38)
at java.base/jdk.internal.reflect.NativeMethodAccessorImpl.invoke0(Native Method)
at java.base/jdk.internal.reflect.NativeMethodAccessorImpl.invoke(NativeMethodAccessorImpl.java:62)
at java.base/jdk.internal.reflect.DelegatingMethodAccessorImpl.invoke(DelegatingMethodAccessorImpl.java:43)
at java.base/java.lang.reflect.Method.invoke(Method.java:566)
at org.testng.internal.MethodInvocationHelper.invokeMethod(MethodInvocationHelper.java:134)
at org.testng.internal.TestInvoker.invokeMethod(TestInvoker.java:597)
at org.testng.internal.TestInvoker.invokeTestMethod(TestInvoker.java:173)
at org.testng.internal.MethodRunner.runInSequence(MethodRunner.java:46)
at org.testng.internal.TestInvoker$MethodInvocationAgent.invoke(TestInvoker.java:816)
at org.testng.internal.TestInvoker.invokeTestMethods(TestInvoker.java:146)
at org.testng.internal.TestMethodWorker.invokeTestMethods(TestMethodWorker.java:146)
at org.testng.internal.TestMethodWorker.run(TestMethodWorker.java:128)
at java.base/java.util.ArrayList.forEach(ArrayList.java:1540)
at org.testng.TestRunner.privateRun(TestRunner.java:766)
at org.testng.TestRunner.run(TestRunner.java:587)
at org.testng.SuiteRunner.runTest(SuiteRunner.java:384)
at org.testng.SuiteRunner.runSequentially(SuiteRunner.java:378)
at org.testng.SuiteRunner.privateRun(SuiteRunner.java:337)
at org.testng.SuiteRunner.run(SuiteRunner.java:286)
at org.testng.SuiteRunnerWorker.runSuite(SuiteRunnerWorker.java:53)
at org.testng.SuiteRunnerWorker.run(SuiteRunnerWorker.java:96)
at org.testng.TestNG.runSuitesSequentially(TestNG.java:1187)
at org.testng.TestNG.runSuitesLocally(TestNG.java:1109)
at org.testng.TestNG.runSuites(TestNG.java:1039)
at org.testng.TestNG.run(TestNG.java:1007)
at org.testng.remote.AbstractRemoteTestNG.run(AbstractRemoteTestNG.java:115)
at org.testng.remote.RemoteTestNG.initAndRun(RemoteTestNG.java:251)
at org.testng.remote.RemoteTestNG.main(RemoteTestNG.java:77)
]]>
            </full-stacktrace>
          </exception> <!-- java.lang.AssertionError -->
          <reporter-output>
          </reporter-output>
        </test-method> <!-- login -->
        <test-method signature="login(java.lang.String, java.lang.String)[pri:0, instance:com.msc.shopqapom.testcases.TC001_Login@7efaad5a]" started-at="2020-04-22T13:36:02 IST" name="login" data-provider="Login" finished-at="2020-04-22T13:36:10 IST" duration-ms="7379" status="PASS">
          <params>
            <param index="0">
              <value>
                <![CDATA[gyho@getnada.com]]>
              </value>
            </param>
            <param index="1">
              <value>
                <![CDATA[gyho@getnada.com]]>
              </value>
            </param>
          </params>
          <reporter-output>
          </reporter-output>
        </test-method> <!-- login -->
        <test-method is-config="true" signature="tearDown()[pri:0, instance:com.msc.shopqapom.testcases.TC001_Login@7efaad5a]" started-at="2020-04-22T13:36:10 IST" name="tearDown" finished-at="2020-04-22T13:36:10 IST" duration-ms="199" status="PASS">
          <reporter-output>
          </reporter-output>
        </test-method> <!-- tearDown -->
      </class> <!-- com.msc.shopqapom.testcases.TC001_Login -->
      <class name="com.msc.shopqapom.testcases.TC003_AddBillingAddress">
        <test-method is-config="true" signature="setUp(java.lang.String)[pri:0, instance:com.msc.shopqapom.testcases.TC003_AddBillingAddress@291a7e3c]" started-at="2020-04-22T13:36:10 IST" name="setUp" finished-at="2020-04-22T13:36:30 IST" duration-ms="19949" status="PASS">
          <params>
            <param index="0">
              <value>
                <![CDATA[chrome]]>
              </value>
            </param>
          </params>
          <reporter-output>
          </reporter-output>
        </test-method> <!-- setUp -->
        <test-method signature="addBillingAddress()[pri:0, instance:com.msc.shopqapom.testcases.TC003_AddBillingAddress@291a7e3c]" started-at="2020-04-22T13:36:30 IST" name="addBillingAddress" finished-at="2020-04-22T13:36:47 IST" duration-ms="16973" status="PASS">
          <reporter-output>
          </reporter-output>
        </test-method> <!-- addBillingAddress -->
        <test-method is-config="true" signature="tearDown()[pri:0, instance:com.msc.shopqapom.testcases.TC003_AddBillingAddress@291a7e3c]" started-at="2020-04-22T13:36:47 IST" name="tearDown" finished-at="2020-04-22T13:36:47 IST" duration-ms="177" status="PASS">
          <reporter-output>
          </reporter-output>
        </test-method> <!-- tearDown -->
      </class> <!-- com.msc.shopqapom.testcases.TC003_AddBillingAddress -->
    </test> <!-- Shopqapom Test -->
  </suite> <!-- Suite -->
</testng-results>
